C:\MALOW\SHARED\NDYGFX\DEBUG\KEYLISTENER.OBJ
C:\MALOW\SHARED\NDYGFX\DEBUG\LIGHT.OBJ
C:\MALOW\SHARED\NDYGFX\DEBUG\MESH.OBJ
C:\MALOW\SHARED\NDYGFX\DEBUG\MESHSTRIP.OBJ
C:\MALOW\SHARED\NDYGFX\DEBUG\OBJECT3D.OBJ
C:\MALOW\SHARED\NDYGFX\DEBUG\OBJLOADER.OBJ
C:\MALOW\SHARED\NDYGFX\DEBUG\PARTICLESHADER.OBJ
C:\MALOW\SHARED\NDYGFX\DEBUG\PARTICLESYSTEM.OBJ
C:\MALOW\SHARED\NDYGFX\DEBUG\PARTICLESYSTEMSHANDLER.OBJ
C:\MALOW\SHARED\NDYGFX\DEBUG\PROCESS.OBJ
C:\MALOW\SHARED\NDYGFX\DEBUG\RTSCAMERA.OBJ
C:\MALOW\SHARED\NDYGFX\DEBUG\SHADER.OBJ
C:\MALOW\SHARED\NDYGFX\DEBUG\SKYBOX.OBJ
C:\MALOW\SHARED\NDYGFX\DEBUG\SSAO.OBJ
C:\MALOW\SHARED\NDYGFX\DEBUG\STATICMESH.OBJ
C:\MALOW\SHARED\NDYGFX\DEBUG\TCBSPLINE.OBJ
C:\MALOW\SHARED\NDYGFX\DEBUG\TERRAIN.OBJ
C:\MALOW\SHARED\NDYGFX\DEBUG\TEXT.OBJ
C:\MALOW\SHARED\NDYGFX\DEBUG\TEXTUREMANAGER.OBJ
C:\MALOW\SHARED\NDYGFX\DEBUG\TRDCAMERA.OBJ
C:\MALOW\SHARED\NDYGFX\DEBUG\ANIMATEDMESH.OBJ
C:\MALOW\SHARED\NDYGFX\DEBUG\BUFFER.OBJ
C:\MALOW\SHARED\NDYGFX\DEBUG\CAMERA.OBJ
C:\MALOW\SHARED\NDYGFX\DEBUG\CAMRECORDING.OBJ
C:\MALOW\SHARED\NDYGFX\DEBUG\DXMANAGER.OBJ
C:\MALOW\SHARED\NDYGFX\DEBUG\DXMANAGERDEFERRED.OBJ
C:\MALOW\SHARED\NDYGFX\DEBUG\DXMANAGERFORWARDRENDERING.OBJ
C:\MALOW\SHARED\NDYGFX\DEBUG\DXMANAGERINIT.OBJ
C:\MALOW\SHARED\NDYGFX\DEBUG\DXMANAGERPOSTPROCESS.OBJ
C:\MALOW\SHARED\NDYGFX\DEBUG\DXMANAGERRENDER.OBJ
C:\MALOW\SHARED\NDYGFX\DEBUG\FPSCAMERA.OBJ
C:\MALOW\SHARED\NDYGFX\DEBUG\FXAA.OBJ
C:\MALOW\SHARED\NDYGFX\DEBUG\GRAPHICSENGINE.OBJ
C:\MALOW\SHARED\NDYGFX\DEBUG\GRAPHICSENGINEIMP.OBJ
C:\MALOW\SHARED\NDYGFX\DEBUG\GRAPHICSENGINEPARAMETERS.OBJ
C:\MALOW\SHARED\NDYGFX\DEBUG\IMAGE.OBJ
C:\MALOW\SHARED\NDYGFX\DEBUG\VC110.PDB
C:\USERS\ADMINISTRATOR\DESKTOP\NOTDEADYET\NDYGFX\DEBUG\VC110.PDB
C:\MALOW\SHARED\NDYGFX\BUILD\NDYGFXD.ILK
C:\MALOW\SHARED\NDYGFX\BUILD\NDYGFXD.DLL
C:\MALOW\SHARED\NDYGFX\BUILD\NDYGFXD.PDB
䍞尺慍潬屗桓牡摥乜奄䙇屘䑎䝙塆瘮硣牰橯਍㩃䵜污坯卜慨敲層䑎䝙塆䉜極摬乜奄䙇䑘⹄楬ൢ䌊尺慍潬屗桓牡摥乜奄䙇屘畂汩層䑎䝙塆⹄楬ൢ䌊尺慍潬屗桓牡摥乜奄䙇屘畂汩層䑎䝙塆䑄攮灸਍㩃䵜污坯卜慨敲層䑎䝙塆䉜極摬乜奄䙇䑘攮灸਍䍞尺慍潬屗桓牡摥乜奄䙇屘䑎䝙塆瘮硣牰橯਍㩃䵜污坯卜慨敲層䑎䝙塆䉜極摬乜奄䙇䑘⹄楬ൢ䌊尺慍潬屗桓牡摥乜奄䙇屘畂汩層䑎䝙塆⹄楬ൢ䌊尺慍潬屗桓牡摥乜奄䙇屘畂汩層䑎䝙塆䑄攮灸਍㩃䵜污坯卜慨敲層䑎䝙塆䉜極摬乜奄䙇䑘攮灸਍䍞尺慍潬屗桓牡摥乜奄䙇屘䑎䝙塆瘮硣牰橯਍㩃䵜污坯卜慨敲層䑎䝙塆䉜極摬乜奄䙇䑘⹄楬ൢ䌊尺慍潬屗桓牡摥乜奄䙇屘畂汩層䑎䝙塆⹄楬ൢ䌊尺慍潬屗桓牡摥乜奄䙇屘畂汩層䑎䝙塆䑄攮灸਍㩃䵜污坯卜慨敲層䑎䝙塆䉜極摬乜奄䙇䑘攮灸਍䍞尺慍潬屗桓牡摥乜奄䙇屘䑎䝙塆瘮硣牰橯਍㩃䵜污坯卜慨敲層䑎䝙塆䉜極摬乜奄䙇䑘⹄楬ൢ䌊尺慍潬屗桓牡摥乜奄䙇屘畂汩層䑎䝙塆⹄楬ൢ䌊尺慍潬屗桓牡摥乜奄䙇屘畂汩層䑎䝙塆䑄攮灸਍㩃䵜污坯卜慨敲層䑎䝙塆䉜極摬乜奄䙇䑘攮灸਍䍞尺慍潬屗桓牡摥乜奄䙇屘䑎䝙塆瘮硣牰橯਍㩃䵜污坯卜慨敲層䑎䝙塆䉜極摬乜奄䙇䑘⹄楬ൢ䌊尺慍潬屗桓牡摥乜奄䙇屘畂汩層䑎䝙塆⹄楬ൢ䌊尺慍潬屗桓牡摥乜奄䙇屘畂汩層䑎䝙塆䑄攮灸਍㩃䵜污坯卜慨敲層䑎䝙塆䉜極摬乜奄䙇䑘攮灸਍
C:\Users\Administrator\Desktop\NotDeadYet\NDYGFX\Debug\AnimatedMesh.obj
C:\Users\Administrator\Desktop\NotDeadYet\NDYGFX\Debug\Buffer.obj
C:\Users\Administrator\Desktop\NotDeadYet\NDYGFX\Debug\CamRecording.obj
C:\Users\Administrator\Desktop\NotDeadYet\NDYGFX\Debug\DxManager.obj
C:\Users\Administrator\Desktop\NotDeadYet\NDYGFX\Debug\DxManagerDeferred.obj
C:\Users\Administrator\Desktop\NotDeadYet\NDYGFX\Debug\DxManagerForwardRendering.obj
C:\Users\Administrator\Desktop\NotDeadYet\NDYGFX\Debug\DxManagerInit.obj
C:\Users\Administrator\Desktop\NotDeadYet\NDYGFX\Debug\DxManagerPostProcess.obj
C:\Users\Administrator\Desktop\NotDeadYet\NDYGFX\Debug\DxManagerRender.obj
C:\Users\Administrator\Desktop\NotDeadYet\NDYGFX\Debug\FPSCamera.obj
C:\Users\Administrator\Desktop\NotDeadYet\NDYGFX\Debug\FXAA.obj
C:\Users\Administrator\Desktop\NotDeadYet\NDYGFX\Debug\GraphicsEngineParameters.obj
C:\Users\Administrator\Desktop\NotDeadYet\NDYGFX\Debug\Image.obj
C:\Users\Administrator\Desktop\NotDeadYet\NDYGFX\Debug\KeyListener.obj
C:\Users\Administrator\Desktop\NotDeadYet\NDYGFX\Debug\Light.obj
C:\Users\Administrator\Desktop\NotDeadYet\NDYGFX\Debug\MeshStrip.obj
C:\Users\Administrator\Desktop\NotDeadYet\NDYGFX\Debug\Object3D.obj
C:\Users\Administrator\Desktop\NotDeadYet\NDYGFX\Debug\ObjLoader.obj
C:\Users\Administrator\Desktop\NotDeadYet\NDYGFX\Debug\ParticleShader.obj
C:\Users\Administrator\Desktop\NotDeadYet\NDYGFX\Debug\ParticleSystem.obj
C:\Users\Administrator\Desktop\NotDeadYet\NDYGFX\Debug\ParticleSystemsHandler.obj
C:\Users\Administrator\Desktop\NotDeadYet\NDYGFX\Debug\Process.obj
C:\Users\Administrator\Desktop\NotDeadYet\NDYGFX\Debug\RTSCamera.obj
C:\Users\Administrator\Desktop\NotDeadYet\NDYGFX\Debug\Shader.obj
C:\Users\Administrator\Desktop\NotDeadYet\NDYGFX\Debug\SkyBox.obj
C:\Users\Administrator\Desktop\NotDeadYet\NDYGFX\Debug\SSAO.obj
C:\Users\Administrator\Desktop\NotDeadYet\NDYGFX\Debug\StaticMesh.obj
C:\Users\Administrator\Desktop\NotDeadYet\NDYGFX\Debug\TCBSpline.obj
C:\Users\Administrator\Desktop\NotDeadYet\NDYGFX\Debug\Terrain.obj
C:\Users\Administrator\Desktop\NotDeadYet\NDYGFX\Debug\Text.obj
C:\Users\Administrator\Desktop\NotDeadYet\NDYGFX\Debug\TextureManager.obj
C:\Users\Administrator\Desktop\NotDeadYet\NDYGFX\Debug\TRDCamera.obj
C:\Users\Administrator\Desktop\NotDeadYet\NDYGFX\Debug\cl.command.1.tlog
C:\Users\Administrator\Desktop\NotDeadYet\NDYGFX\Debug\CL.read.1.tlog
C:\Users\Administrator\Desktop\NotDeadYet\NDYGFX\Debug\CL.write.1.tlog
C:\Users\Administrator\Desktop\NotDeadYet\NDYGFX\Debug\link-cvtres.read.1.tlog
C:\Users\Administrator\Desktop\NotDeadYet\NDYGFX\Debug\link-cvtres.write.1.tlog
C:\Users\Administrator\Desktop\NotDeadYet\NDYGFX\Debug\link-rc.read.1.tlog
C:\Users\Administrator\Desktop\NotDeadYet\NDYGFX\Debug\link-rc.write.1.tlog
C:\Users\Administrator\Desktop\NotDeadYet\NDYGFX\Debug\link.1732-cvtres.read.1.tlog
C:\Users\Administrator\Desktop\NotDeadYet\NDYGFX\Debug\link.1732-cvtres.write.1.tlog
C:\Users\Administrator\Desktop\NotDeadYet\NDYGFX\Debug\link.1732-rc.read.1.tlog
C:\Users\Administrator\Desktop\NotDeadYet\NDYGFX\Debug\link.1732-rc.write.1.tlog
C:\Users\Administrator\Desktop\NotDeadYet\NDYGFX\Debug\link.1732.read.1.tlog
C:\Users\Administrator\Desktop\NotDeadYet\NDYGFX\Debug\link.1732.write.1.tlog
C:\Users\Administrator\Desktop\NotDeadYet\NDYGFX\Debug\link.3780-cvtres.read.1.tlog
C:\Users\Administrator\Desktop\NotDeadYet\NDYGFX\Debug\link.3780-cvtres.write.1.tlog
C:\Users\Administrator\Desktop\NotDeadYet\NDYGFX\Debug\link.3780-rc.read.1.tlog
C:\Users\Administrator\Desktop\NotDeadYet\NDYGFX\Debug\link.3780-rc.write.1.tlog
C:\Users\Administrator\Desktop\NotDeadYet\NDYGFX\Debug\link.3780.read.1.tlog
C:\Users\Administrator\Desktop\NotDeadYet\NDYGFX\Debug\link.3780.write.1.tlog
C:\Users\Administrator\Desktop\NotDeadYet\NDYGFX\Debug\link.4044-cvtres.read.1.tlog
C:\Users\Administrator\Desktop\NotDeadYet\NDYGFX\Debug\link.4044-cvtres.write.1.tlog
C:\Users\Administrator\Desktop\NotDeadYet\NDYGFX\Debug\link.4044-rc.read.1.tlog
C:\Users\Administrator\Desktop\NotDeadYet\NDYGFX\Debug\link.4044-rc.write.1.tlog
C:\Users\Administrator\Desktop\NotDeadYet\NDYGFX\Debug\link.4044.read.1.tlog
C:\Users\Administrator\Desktop\NotDeadYet\NDYGFX\Debug\link.4044.write.1.tlog
C:\Users\Administrator\Desktop\NotDeadYet\NDYGFX\Debug\link.4064-cvtres.read.1.tlog
C:\Users\Administrator\Desktop\NotDeadYet\NDYGFX\Debug\link.4064-cvtres.write.1.tlog
C:\Users\Administrator\Desktop\NotDeadYet\NDYGFX\Debug\link.4064-rc.read.1.tlog
C:\Users\Administrator\Desktop\NotDeadYet\NDYGFX\Debug\link.4064-rc.write.1.tlog
C:\Users\Administrator\Desktop\NotDeadYet\NDYGFX\Debug\link.4064.read.1.tlog
C:\Users\Administrator\Desktop\NotDeadYet\NDYGFX\Debug\link.4064.write.1.tlog
C:\Users\Administrator\Desktop\NotDeadYet\NDYGFX\Debug\link.4484-cvtres.read.1.tlog
C:\Users\Administrator\Desktop\NotDeadYet\NDYGFX\Debug\link.4484-cvtres.write.1.tlog
C:\Users\Administrator\Desktop\NotDeadYet\NDYGFX\Debug\link.4484-rc.read.1.tlog
C:\Users\Administrator\Desktop\NotDeadYet\NDYGFX\Debug\link.4484-rc.write.1.tlog
C:\Users\Administrator\Desktop\NotDeadYet\NDYGFX\Debug\link.4484.read.1.tlog
C:\Users\Administrator\Desktop\NotDeadYet\NDYGFX\Debug\link.4484.write.1.tlog
C:\Users\Administrator\Desktop\NotDeadYet\NDYGFX\Debug\link.4820-cvtres.read.1.tlog
C:\Users\Administrator\Desktop\NotDeadYet\NDYGFX\Debug\link.4820-cvtres.write.1.tlog
C:\Users\Administrator\Desktop\NotDeadYet\NDYGFX\Debug\link.4820-rc.read.1.tlog
C:\Users\Administrator\Desktop\NotDeadYet\NDYGFX\Debug\link.4820-rc.write.1.tlog
C:\Users\Administrator\Desktop\NotDeadYet\NDYGFX\Debug\link.4820.read.1.tlog
C:\Users\Administrator\Desktop\NotDeadYet\NDYGFX\Debug\link.4820.write.1.tlog
C:\Users\Administrator\Desktop\NotDeadYet\NDYGFX\Debug\link.4968-cvtres.read.1.tlog
C:\Users\Administrator\Desktop\NotDeadYet\NDYGFX\Debug\link.4968-cvtres.write.1.tlog
C:\Users\Administrator\Desktop\NotDeadYet\NDYGFX\Debug\link.4968-rc.read.1.tlog
C:\Users\Administrator\Desktop\NotDeadYet\NDYGFX\Debug\link.4968-rc.write.1.tlog
C:\Users\Administrator\Desktop\NotDeadYet\NDYGFX\Debug\link.4968.read.1.tlog
C:\Users\Administrator\Desktop\NotDeadYet\NDYGFX\Debug\link.4968.write.1.tlog
C:\Users\Administrator\Desktop\NotDeadYet\NDYGFX\Debug\link.5832-cvtres.read.1.tlog
C:\Users\Administrator\Desktop\NotDeadYet\NDYGFX\Debug\link.5832-cvtres.write.1.tlog
C:\Users\Administrator\Desktop\NotDeadYet\NDYGFX\Debug\link.5832-rc.read.1.tlog
C:\Users\Administrator\Desktop\NotDeadYet\NDYGFX\Debug\link.5832-rc.write.1.tlog
C:\Users\Administrator\Desktop\NotDeadYet\NDYGFX\Debug\link.5832.read.1.tlog
C:\Users\Administrator\Desktop\NotDeadYet\NDYGFX\Debug\link.5832.write.1.tlog
C:\Users\Administrator\Desktop\NotDeadYet\NDYGFX\Debug\link.command.1.tlog
C:\Users\Administrator\Desktop\NotDeadYet\NDYGFX\Debug\link.read.1.tlog
C:\Users\Administrator\Desktop\NotDeadYet\NDYGFX\Debug\link.write.1.tlog
C:\Users\Administrator\Desktop\NotDeadYet\NDYGFX\Debug\NDYGFX.write.1.tlog
C:\Users\Administrator\Desktop\NotDeadYet\NDYGFX\Debug\vc110.idb
C:\Users\Administrator\Desktop\NotDeadYet\NDYGFX\Debug\vc110.pdb
C:\Users\Administrator\Desktop\NotDeadYet\NDYGFX\\Build\NDYGFXD.pdb
C:\Users\Administrator\Desktop\NotDeadYet\NDYGFX\\Build\NDYGFXD.dll
C:\Users\Administrator\Desktop\NotDeadYet\NDYGFX\\Build\NDYGFXD.ilk
